<?xml version="1.0" encoding="UTF-8"?>
<!-- Generated by org.testng.reporters.JUnitXMLReporter -->
<testsuite hostname="GDKHA6761-wf" ignored="0" tests="5" failures="2" timestamp="19 Nov 2018 17:17:44 GMT" time="32.933" errors="0">
  <testcase name="openAppAndVerifyAllNeededElementsPresent" time="2.121" classname="PositiveTests"/>
  <testcase name="verifyDivideCalculatorFunction" time="5.595" classname="PositiveTests"/>
  <testcase name="verifyMinusCalculatorFunction" time="5.842" classname="PositiveTests"/>
  <testcase name="verifyMultiplyCalculatorFunction" time="3.358" classname="PositiveTests">
    <failure type="org.openqa.selenium.WebDriverException" message="An unknown server-side error occurred while processing the command. Original error: UiAUtomator shut down unexpectedly
Build info: version: &amp;apos;3.14.0&amp;apos;, revision: &amp;apos;aacccce0&amp;apos;, time: &amp;apos;2018-08-02T20:19:58.91Z&amp;apos;
System info: host: &amp;apos;GDKHA6761-wf&amp;apos;, ip: &amp;apos;2a03:7380:2020:8ac5:f560:fb1f:3076:b221%en0&amp;apos;, os.name: &amp;apos;Mac OS X&amp;apos;, os.arch: &amp;apos;x86_64&amp;apos;, os.version: &amp;apos;10.14&amp;apos;, java.version: &amp;apos;1.8.0_192&amp;apos;
Driver info: io.appium.java_client.android.AndroidDriver
Capabilities {app: /Users/dshchetynina/Downloa..., appActivity: com.android.calculator2.Cal..., appPackage: com.google.android.calculator, appWaitActivity: com.android.calculator2.Cal..., appWaitPackage: com.google.android.calculator, databaseEnabled: false, desired: {app: /Users/dshchetynina/Downloa..., deviceName: Nexus_5x, noReset: false, platformName: android}, deviceManufacturer: Google, deviceModel: Android SDK built for x86, deviceName: emulator-5554, deviceScreenSize: 1080x1920, deviceUDID: emulator-5554, javascriptEnabled: true, locationContextEnabled: false, networkConnectionEnabled: true, noReset: false, platform: LINUX, platformName: Android, platformVersion: 9, takesScreenshot: true, warnings: {}, webStorageEnabled: false}
Session ID: 0d2a46bd-29b2-4764-b394-30fa43af7ae0
*** Element info: {Using=xpath, value=//*[@resource-id=&amp;apos;com.google.android.calculator:id/pad_operator&amp;apos;]/*[@text=&amp;apos;×&amp;apos;]}">
      <![CDATA[org.openqa.selenium.WebDriverException: An unknown server-side error occurred while processing the command. Original error: UiAUtomator shut down unexpectedly
Build info: version: '3.14.0', revision: 'aacccce0', time: '2018-08-02T20:19:58.91Z'
System info: host: 'GDKHA6761-wf', ip: '2a03:7380:2020:8ac5:f560:fb1f:3076:b221%en0', os.name: 'Mac OS X', os.arch: 'x86_64', os.version: '10.14', java.version: '1.8.0_192'
Driver info: io.appium.java_client.android.AndroidDriver
Capabilities {app: /Users/dshchetynina/Downloa..., appActivity: com.android.calculator2.Cal..., appPackage: com.google.android.calculator, appWaitActivity: com.android.calculator2.Cal..., appWaitPackage: com.google.android.calculator, databaseEnabled: false, desired: {app: /Users/dshchetynina/Downloa..., deviceName: Nexus_5x, noReset: false, platformName: android}, deviceManufacturer: Google, deviceModel: Android SDK built for x86, deviceName: emulator-5554, deviceScreenSize: 1080x1920, deviceUDID: emulator-5554, javascriptEnabled: true, locationContextEnabled: false, networkConnectionEnabled: true, noReset: false, platform: LINUX, platformName: Android, platformVersion: 9, takesScreenshot: true, warnings: {}, webStorageEnabled: false}
Session ID: 0d2a46bd-29b2-4764-b394-30fa43af7ae0
*** Element info: {Using=xpath, value=//*[@resource-id='com.google.android.calculator:id/pad_operator']/*[@text='×']}
at org.openqa.selenium.remote.http.W3CHttpResponseCodec.createException(W3CHttpResponseCodec.java:187)
at org.openqa.selenium.remote.http.W3CHttpResponseCodec.decode(W3CHttpResponseCodec.java:122)
at org.openqa.selenium.remote.http.W3CHttpResponseCodec.decode(W3CHttpResponseCodec.java:49)
at org.openqa.selenium.remote.HttpCommandExecutor.execute(HttpCommandExecutor.java:158)
at io.appium.java_client.remote.AppiumCommandExecutor.execute(AppiumCommandExecutor.java:231)
at org.openqa.selenium.remote.RemoteWebDriver.execute(RemoteWebDriver.java:548)
at io.appium.java_client.DefaultGenericMobileDriver.execute(DefaultGenericMobileDriver.java:42)
at io.appium.java_client.AppiumDriver.execute(AppiumDriver.java:1)
at io.appium.java_client.android.AndroidDriver.execute(AndroidDriver.java:1)
at org.openqa.selenium.remote.RemoteWebDriver.findElement(RemoteWebDriver.java:322)
at io.appium.java_client.DefaultGenericMobileDriver.findElement(DefaultGenericMobileDriver.java:62)
at io.appium.java_client.AppiumDriver.findElement(AppiumDriver.java:1)
at io.appium.java_client.android.AndroidDriver.findElement(AndroidDriver.java:1)
at org.openqa.selenium.remote.RemoteWebDriver.findElementByXPath(RemoteWebDriver.java:424)
at io.appium.java_client.DefaultGenericMobileDriver.findElementByXPath(DefaultGenericMobileDriver.java:152)
at io.appium.java_client.AppiumDriver.findElementByXPath(AppiumDriver.java:1)
at io.appium.java_client.android.AndroidDriver.findElementByXPath(AndroidDriver.java:1)
at pages.MainPage.clickNeededLogicalOperation(MainPage.java:59)
at PositiveTests.verifyMultiplyCalculatorFunction(PositiveTests.java:84)
... Removed 34 stack frames]]>
    </failure>
  </testcase> <!-- verifyMultiplyCalculatorFunction -->
  <testcase name="verifyPlusCalculatorFunction" time="0.015" classname="PositiveTests">
    <failure type="org.openqa.selenium.NoSuchSessionException" message="A session is either terminated or not started
Build info: version: &amp;apos;3.14.0&amp;apos;, revision: &amp;apos;aacccce0&amp;apos;, time: &amp;apos;2018-08-02T20:19:58.91Z&amp;apos;
System info: host: &amp;apos;GDKHA6761-wf&amp;apos;, ip: &amp;apos;2a03:7380:2020:8ac5:f560:fb1f:3076:b221%en0&amp;apos;, os.name: &amp;apos;Mac OS X&amp;apos;, os.arch: &amp;apos;x86_64&amp;apos;, os.version: &amp;apos;10.14&amp;apos;, java.version: &amp;apos;1.8.0_192&amp;apos;
Driver info: io.appium.java_client.android.AndroidDriver
Capabilities {app: /Users/dshchetynina/Downloa..., appActivity: com.android.calculator2.Cal..., appPackage: com.google.android.calculator, appWaitActivity: com.android.calculator2.Cal..., appWaitPackage: com.google.android.calculator, databaseEnabled: false, desired: {app: /Users/dshchetynina/Downloa..., deviceName: Nexus_5x, noReset: false, platformName: android}, deviceManufacturer: Google, deviceModel: Android SDK built for x86, deviceName: emulator-5554, deviceScreenSize: 1080x1920, deviceUDID: emulator-5554, javascriptEnabled: true, locationContextEnabled: false, networkConnectionEnabled: true, noReset: false, platform: LINUX, platformName: Android, platformVersion: 9, takesScreenshot: true, warnings: {}, webStorageEnabled: false}
Session ID: 0d2a46bd-29b2-4764-b394-30fa43af7ae0">
      <![CDATA[org.openqa.selenium.NoSuchSessionException: A session is either terminated or not started
Build info: version: '3.14.0', revision: 'aacccce0', time: '2018-08-02T20:19:58.91Z'
System info: host: 'GDKHA6761-wf', ip: '2a03:7380:2020:8ac5:f560:fb1f:3076:b221%en0', os.name: 'Mac OS X', os.arch: 'x86_64', os.version: '10.14', java.version: '1.8.0_192'
Driver info: io.appium.java_client.android.AndroidDriver
Capabilities {app: /Users/dshchetynina/Downloa..., appActivity: com.android.calculator2.Cal..., appPackage: com.google.android.calculator, appWaitActivity: com.android.calculator2.Cal..., appWaitPackage: com.google.android.calculator, databaseEnabled: false, desired: {app: /Users/dshchetynina/Downloa..., deviceName: Nexus_5x, noReset: false, platformName: android}, deviceManufacturer: Google, deviceModel: Android SDK built for x86, deviceName: emulator-5554, deviceScreenSize: 1080x1920, deviceUDID: emulator-5554, javascriptEnabled: true, locationContextEnabled: false, networkConnectionEnabled: true, noReset: false, platform: LINUX, platformName: Android, platformVersion: 9, takesScreenshot: true, warnings: {}, webStorageEnabled: false}
Session ID: 0d2a46bd-29b2-4764-b394-30fa43af7ae0
at org.openqa.selenium.remote.http.W3CHttpResponseCodec.createException(W3CHttpResponseCodec.java:187)
at org.openqa.selenium.remote.http.W3CHttpResponseCodec.decode(W3CHttpResponseCodec.java:122)
at org.openqa.selenium.remote.http.W3CHttpResponseCodec.decode(W3CHttpResponseCodec.java:49)
at org.openqa.selenium.remote.HttpCommandExecutor.execute(HttpCommandExecutor.java:158)
at io.appium.java_client.remote.AppiumCommandExecutor.execute(AppiumCommandExecutor.java:231)
at org.openqa.selenium.remote.RemoteWebDriver.execute(RemoteWebDriver.java:548)
at io.appium.java_client.DefaultGenericMobileDriver.execute(DefaultGenericMobileDriver.java:46)
at io.appium.java_client.AppiumDriver.execute(AppiumDriver.java:1)
at io.appium.java_client.android.AndroidDriver.execute(AndroidDriver.java:1)
at io.appium.java_client.HasSessionDetails.getSessionDetails(HasSessionDetails.java:39)
at io.appium.java_client.HasSessionDetails.getSessionDetail(HasSessionDetails.java:56)
at io.appium.java_client.HasSessionDetails.getPlatformName(HasSessionDetails.java:65)
at io.appium.java_client.pagefactory.AppiumFieldDecorator.<init>(AppiumFieldDecorator.java:96)
at io.appium.java_client.pagefactory.AppiumFieldDecorator.<init>(AppiumFieldDecorator.java:144)
at pages.BasePage.<init>(BasePage.java:13)
at pages.MainPage.<init>(MainPage.java:47)
at PositiveTests.verifyPlusCalculatorFunction(PositiveTests.java:40)
... Removed 34 stack frames]]>
    </failure>
  </testcase> <!-- verifyPlusCalculatorFunction -->
</testsuite>
