<?xml version="1.0" encoding="UTF-8"?>
<testsuite xmlns:xsi="http://www.w3.org/2001/XMLSchema-instance" xsi:noNamespaceSchemaLocation="https://maven.apache.org/surefire/maven-surefire-plugin/xsd/surefire-test-report.xsd" name="TestSuite" time="34.361" tests="5" errors="0" skipped="0" failures="2">
  <properties>
[...]
</properties>
  <testcase name="openAppAndVerifyAllNeededElementsPresent" classname="PositiveTests" time="2.12"/>
  <testcase name="verifyDivideCalculatorFunction" classname="PositiveTests" time="5.594"/>
  <testcase name="verifyMinusCalculatorFunction" classname="PositiveTests" time="5.842"/>
  <testcase name="verifyMultiplyCalculatorFunction" classname="PositiveTests" time="3.371">
    <failure message="An unknown server-side error occurred while processing the command. Original error: UiAUtomator shut down unexpectedly&#10;Build info: version: &apos;3.14.0&apos;, revision: &apos;aacccce0&apos;, time: &apos;2018-08-02T20:19:58.91Z&apos;&#10;System info: host: &apos;GDKHA6761-wf&apos;, ip: &apos;2a03:7380:2020:8ac5:f560:fb1f:3076:b221%en0&apos;, os.name: &apos;Mac OS X&apos;, os.arch: &apos;x86_64&apos;, os.version: &apos;10.14&apos;, java.version: &apos;1.8.0_192&apos;&#10;Driver info: io.appium.java_client.android.AndroidDriver&#10;Capabilities {app: /Users/dshchetynina/Downloa..., appActivity: com.android.calculator2.Cal..., appPackage: com.google.android.calculator, appWaitActivity: com.android.calculator2.Cal..., appWaitPackage: com.google.android.calculator, databaseEnabled: false, desired: {app: /Users/dshchetynina/Downloa..., deviceName: Nexus_5x, noReset: false, platformName: android}, deviceManufacturer: Google, deviceModel: Android SDK built for x86, deviceName: emulator-5554, deviceScreenSize: 1080x1920, deviceUDID: emulator-5554, javascriptEnabled: true, locationContextEnabled: false, networkConnectionEnabled: true, noReset: false, platform: LINUX, platformName: Android, platformVersion: 9, takesScreenshot: true, warnings: {}, webStorageEnabled: false}&#10;Session ID: 0d2a46bd-29b2-4764-b394-30fa43af7ae0&#10;*** Element info: {Using=xpath, value=//*[@resource-id=&apos;com.google.android.calculator:id/pad_operator&apos;]/*[@text=&apos;×&apos;]}" type="org.openqa.selenium.WebDriverException">org.openqa.selenium.WebDriverException: 
An unknown server-side error occurred while processing the command. Original error: UiAUtomator shut down unexpectedly
Build info: version: '3.14.0', revision: 'aacccce0', time: '2018-08-02T20:19:58.91Z'
System info: host: 'GDKHA6761-wf', ip: '2a03:7380:2020:8ac5:f560:fb1f:3076:b221%en0', os.name: 'Mac OS X', os.arch: 'x86_64', os.version: '10.14', java.version: '1.8.0_192'
Driver info: io.appium.java_client.android.AndroidDriver
Capabilities {app: /Users/dshchetynina/Downloa..., appActivity: com.android.calculator2.Cal..., appPackage: com.google.android.calculator, appWaitActivity: com.android.calculator2.Cal..., appWaitPackage: com.google.android.calculator, databaseEnabled: false, desired: {app: /Users/dshchetynina/Downloa..., deviceName: Nexus_5x, noReset: false, platformName: android}, deviceManufacturer: Google, deviceModel: Android SDK built for x86, deviceName: emulator-5554, deviceScreenSize: 1080x1920, deviceUDID: emulator-5554, javascriptEnabled: true, locationContextEnabled: false, networkConnectionEnabled: true, noReset: false, platform: LINUX, platformName: Android, platformVersion: 9, takesScreenshot: true, warnings: {}, webStorageEnabled: false}
Session ID: 0d2a46bd-29b2-4764-b394-30fa43af7ae0
*** Element info: {Using=xpath, value=//*[@resource-id='com.google.android.calculator:id/pad_operator']/*[@text='×']}
	at PositiveTests.verifyMultiplyCalculatorFunction(PositiveTests.java:84)
</failure>
    <system-out><![CDATA[[UiAutomator] UiAutomator exited unexpectedly with code 134, signal null
[W3C] Encountered internal error running command: Error: UiAUtomator shut down unexpectedly
[W3C]     at AndroidBootstrap.callee$2$0$ (/usr/local/lib/node_modules/appium/node_modules/appium-android-bootstrap/lib/bootstrap.js:176:42)
[W3C]     at tryCatch (/usr/local/lib/node_modules/appium/node_modules/babel-runtime/regenerator/runtime.js:67:40)
[W3C]     at GeneratorFunctionPrototype.invoke [as _invoke] (/usr/local/lib/node_modules/appium/node_modules/babel-runtime/regenerator/runtime.js:315:22)
[W3C]     at GeneratorFunctionPrototype.prototype.(anonymous function) [as next] (/usr/local/lib/node_modules/appium/node_modules/babel-runtime/regenerator/runtime.js:100:21)
[W3C]     at invoke (/usr/local/lib/node_modules/appium/node_modules/babel-runtime/regenerator/runtime.js:136:37)
[W3C]     at enqueueResult (/usr/local/lib/node_modules/appium/node_modules/babel-runtime/regenerator/runtime.js:185:17)
[W3C]     at new Promise (<anonymous>)
[W3C]     at new F (/usr/local/lib/node_modules/appium/node_modules/core-js/library/modules/$.export.js:30:36)
[W3C]     at AsyncIterator.enqueue (/usr/local/lib/node_modules/appium/node_modules/babel-runtime/regenerator/runtime.js:184:12)
[W3C]     at AsyncIterator.prototype.(anonymous function) [as next] (/usr/local/lib/node_modules/appium/node_modules/babel-runtime/regenerator/runtime.js:100:21)
[W3C]     at Object.runtime.async (/usr/local/lib/node_modules/appium/node_modules/babel-runtime/regenerator/runtime.js:209:12)
[W3C]     at UiAutomator.callee$2$0 (/usr/local/lib/node_modules/appium/node_modules/appium-android-bootstrap/build/lib/bootstrap.js:353:42)
[W3C]     at emitOne (events.js:116:13)
[W3C]     at UiAutomator.emit (events.js:211:7)
[W3C]     at UiAutomator.changeState (/usr/local/lib/node_modules/appium/node_modules/appium-uiautomator/lib/uiautomator.js:85:10)
[W3C]     at SubProcess.<anonymous> (/usr/local/lib/node_modules/appium/node_modules/appium-uiautomator/lib/uiautomator.js:47:14)
[W3C]     at emitTwo (events.js:126:13)
[W3C]     at SubProcess.emit (events.js:214:7)
[W3C]     at ChildProcess.<anonymous> (/usr/local/lib/node_modules/appium/node_modules/teen_process/lib/teen_process.js:240:14)
[W3C]     at emitTwo (events.js:126:13)
[W3C]     at ChildProcess.emit (events.js:214:7)
[W3C]     at Process.ChildProcess._handle.onexit (internal/child_process.js:198:12)
]]></system-out>
  </testcase>
  <testcase name="verifyPlusCalculatorFunction" classname="PositiveTests" time="0.016">
    <failure message="A session is either terminated or not started&#10;Build info: version: &apos;3.14.0&apos;, revision: &apos;aacccce0&apos;, time: &apos;2018-08-02T20:19:58.91Z&apos;&#10;System info: host: &apos;GDKHA6761-wf&apos;, ip: &apos;2a03:7380:2020:8ac5:f560:fb1f:3076:b221%en0&apos;, os.name: &apos;Mac OS X&apos;, os.arch: &apos;x86_64&apos;, os.version: &apos;10.14&apos;, java.version: &apos;1.8.0_192&apos;&#10;Driver info: io.appium.java_client.android.AndroidDriver&#10;Capabilities {app: /Users/dshchetynina/Downloa..., appActivity: com.android.calculator2.Cal..., appPackage: com.google.android.calculator, appWaitActivity: com.android.calculator2.Cal..., appWaitPackage: com.google.android.calculator, databaseEnabled: false, desired: {app: /Users/dshchetynina/Downloa..., deviceName: Nexus_5x, noReset: false, platformName: android}, deviceManufacturer: Google, deviceModel: Android SDK built for x86, deviceName: emulator-5554, deviceScreenSize: 1080x1920, deviceUDID: emulator-5554, javascriptEnabled: true, locationContextEnabled: false, networkConnectionEnabled: true, noReset: false, platform: LINUX, platformName: Android, platformVersion: 9, takesScreenshot: true, warnings: {}, webStorageEnabled: false}&#10;Session ID: 0d2a46bd-29b2-4764-b394-30fa43af7ae0" type="org.openqa.selenium.NoSuchSessionException">org.openqa.selenium.NoSuchSessionException: 
A session is either terminated or not started
Build info: version: '3.14.0', revision: 'aacccce0', time: '2018-08-02T20:19:58.91Z'
System info: host: 'GDKHA6761-wf', ip: '2a03:7380:2020:8ac5:f560:fb1f:3076:b221%en0', os.name: 'Mac OS X', os.arch: 'x86_64', os.version: '10.14', java.version: '1.8.0_192'
Driver info: io.appium.java_client.android.AndroidDriver
Capabilities {app: /Users/dshchetynina/Downloa..., appActivity: com.android.calculator2.Cal..., appPackage: com.google.android.calculator, appWaitActivity: com.android.calculator2.Cal..., appWaitPackage: com.google.android.calculator, databaseEnabled: false, desired: {app: /Users/dshchetynina/Downloa..., deviceName: Nexus_5x, noReset: false, platformName: android}, deviceManufacturer: Google, deviceModel: Android SDK built for x86, deviceName: emulator-5554, deviceScreenSize: 1080x1920, deviceUDID: emulator-5554, javascriptEnabled: true, locationContextEnabled: false, networkConnectionEnabled: true, noReset: false, platform: LINUX, platformName: Android, platformVersion: 9, takesScreenshot: true, warnings: {}, webStorageEnabled: false}
Session ID: 0d2a46bd-29b2-4764-b394-30fa43af7ae0
	at PositiveTests.verifyPlusCalculatorFunction(PositiveTests.java:40)
</failure>
  </testcase>
</testsuite>